<?xml version="1.0" encoding="UTF-8"?>
<!-- Generated by org.testng.reporters.JUnitReportReporter -->
<testsuite hostname="DESKTOP-A1OLLL7" failures="0" tests="4" name="appiumnewtest.MonefyTest" time="78.196" errors="0" timestamp="2022-08-31T13:56:45 IST" skipped="0">
  <testcase classname="appiumnewtest.MonefyTest" name="InstallAppFromPlayStore" time="49.886"/>
  <system-out/>
  <testcase classname="appiumnewtest.MonefyTest" name="AddNewAccount" time="11.454"/>
  <system-out/>
  <testcase classname="appiumnewtest.MonefyTest" name="AddNewIncome" time="10.411"/>
  <system-out/>
  <testcase classname="appiumnewtest.MonefyTest" name="AddNewExpense" time="6.445"/>
  <system-out/>
</testsuite> <!-- appiumnewtest.MonefyTest -->
