<?xml version="1.0" encoding="UTF-8"?>
<!-- Generated by org.testng.reporters.JUnitReportReporter -->
<testsuite hostname="DESKTOP-A1OLLL7" failures="0" tests="2" name="GetfindByStatus2" time="3.668" errors="0" timestamp="2022-08-29T16:41:16 IST" skipped="0">
  <testcase classname="GetfindByStatus2" name="responsebodyVerification" time="2.243"/>
  <system-out/>
  <testcase classname="GetfindByStatus2" name="statusCodeVerification" time="1.425"/>
  <system-out/>
</testsuite> <!-- GetfindByStatus2 -->
