<?xml version="1.0" encoding="UTF-8"?>
<!-- Generated by org.testng.reporters.JUnitReportReporter -->
<testsuite hostname="DESKTOP-A1OLLL7" failures="0" tests="2" name="GetfindByStatus" time="5.457" errors="0" timestamp="2022-08-29T21:21:27 IST" skipped="0">
  <testcase classname="GetfindByStatus" name="statusCodeVerification" time="1.432"/>
  <system-out/>
  <testcase classname="GetfindByStatus" name="responsebodyVerification" time="4.025"/>
  <system-out/>
</testsuite> <!-- GetfindByStatus -->
