<?xml version="1.0" encoding="UTF-8"?>
<!-- Generated by org.testng.reporters.JUnitReportReporter -->
<testsuite hostname="DESKTOP-A1OLLL7" failures="0" tests="5" name="Getpetsbystatus" time="9.831" errors="0" timestamp="2022-08-29T17:36:48 IST" skipped="0">
  <testcase classname="Getpetsbystatus" name="testgetavailablepets" time="3.843"/>
  <system-out/>
  <testcase classname="Getpetsbystatus" name="testgetpendingpets" time="1.425"/>
  <system-out/>
  <testcase classname="Getpetsbystatus" name="testsold" time="1.406"/>
  <system-out/>
  <testcase classname="Getpetsbystatus" name="blankstatus" time="1.681"/>
  <system-out/>
  <testcase classname="Getpetsbystatus" name="invalidstatus" time="1.476"/>
  <system-out/>
</testsuite> <!-- Getpetsbystatus -->
