<?xml version="1.0" encoding="UTF-8"?>
<!-- Generated by org.testng.reporters.JUnitReportReporter -->
<testsuite hostname="DESKTOP-A1OLLL7" failures="0" tests="2" name="test1.GetfindByStatus2" time="4.546" errors="0" timestamp="2022-08-29T13:08:08 IST" skipped="0">
  <testcase classname="test1.GetfindByStatus2" name="statusCodeVerification" time="1.442"/>
  <system-out/>
  <testcase classname="test1.GetfindByStatus2" name="responsebodyVerification" time="3.104"/>
  <system-out/>
</testsuite> <!-- test1.GetfindByStatus2 -->
