<?xml version="1.0" encoding="UTF-8"?>
<!-- Generated by org.testng.reporters.JUnitReportReporter -->
<testsuite hostname="DESKTOP-A1OLLL7" failures="0" tests="2" name="GetCallProductTest" time="5.230" errors="0" timestamp="2022-08-29T16:47:28 IST" skipped="0">
  <testcase classname="GetCallProductTest" name="testgetavailablepets" time="3.677"/>
  <system-out/>
  <testcase classname="GetCallProductTest" name="testgetpendingpets" time="1.553"/>
  <system-out/>
</testsuite> <!-- GetCallProductTest -->
